android/app/build/intermediates/manifest_merge_blame_file/debug/manifest-merger-blame-debug-report.txt
1<?xml version="1.0" encoding="utf-8"?>
2<manifest xmlns:android="http://schemas.android.com/apk/res/android"
3    package="com.rnv5"
4    android:versionCode="1"
5    android:versionName="1.0" >
6
7    <uses-sdk
8        android:minSdkVersion="19"
9        android:targetSdkVersion="28" />
10
11    <uses-permission android:name="android.permission.SYSTEM_ALERT_WINDOW" />
11-->src\debug\AndroidManifest.xml:5:5-77
11-->src\debug\AndroidManifest.xml:5:22-75
12    <uses-permission android:name="android.permission.INTERNET" />
12-->src\main\AndroidManifest.xml:4:5-67
12-->src\main\AndroidManifest.xml:4:22-64
13    <uses-permission android:name="android.permission.WRITE_EXTERNAL_STORAGE" />
13-->[:react-native-image-crop-picker] AndroidManifest.xml:10:5-81
13-->[:react-native-image-crop-picker] AndroidManifest.xml:10:22-78
14
15    <application
15-->src\main\AndroidManifest.xml:6:5-24:19
16        android:name="com.rnv5.MainApplication"
16-->src\main\AndroidManifest.xml:7:7-38
17        android:allowBackup="false"
17-->src\main\AndroidManifest.xml:11:7-34
18        android:appComponentFactory="androidx.core.app.CoreComponentFactory"
18-->[androidx.core:core:1.1.0] AndroidManifest.xml:24:18-86
19        android:debuggable="true"
20        android:icon="@mipmap/ic_launcher"
20-->src\main\AndroidManifest.xml:9:7-41
21        android:label="@string/app_name"
21-->src\main\AndroidManifest.xml:8:7-39
22        android:roundIcon="@mipmap/ic_launcher_round"
22-->src\main\AndroidManifest.xml:10:7-52
23        android:theme="@style/AppTheme"
23-->src\main\AndroidManifest.xml:12:7-38
24        android:usesCleartextTraffic="true" >
24-->src\debug\AndroidManifest.xml:7:18-53
25        <activity
25-->src\main\AndroidManifest.xml:13:7-22:18
26            android:name="com.rnv5.MainActivity"
26-->src\main\AndroidManifest.xml:14:9-37
27            android:configChanges="keyboard|keyboardHidden|orientation|screenSize"
27-->src\main\AndroidManifest.xml:16:9-79
28            android:label="@string/app_name"
28-->src\main\AndroidManifest.xml:15:9-41
29            android:windowSoftInputMode="adjustResize" >
29-->src\main\AndroidManifest.xml:17:9-51
30            <intent-filter>
30-->src\main\AndroidManifest.xml:18:9-21:25
31                <action android:name="android.intent.action.MAIN" />
31-->src\main\AndroidManifest.xml:19:13-65
31-->src\main\AndroidManifest.xml:19:21-62
32
33                <category android:name="android.intent.category.LAUNCHER" />
33-->src\main\AndroidManifest.xml:20:13-73
33-->src\main\AndroidManifest.xml:20:23-70
34            </intent-filter>
35        </activity>
36        <activity android:name="com.facebook.react.devsupport.DevSettingsActivity" />
36-->src\main\AndroidManifest.xml:23:7-84
36-->src\main\AndroidManifest.xml:23:17-81
37
38        <provider
38-->[:react-native-image-crop-picker] AndroidManifest.xml:13:9-21:20
39            android:name="androidx.core.content.FileProvider"
39-->[:react-native-image-crop-picker] AndroidManifest.xml:14:13-62
40            android:authorities="com.rnv5.provider"
40-->[:react-native-image-crop-picker] AndroidManifest.xml:15:13-60
41            android:exported="false"
41-->[:react-native-image-crop-picker] AndroidManifest.xml:16:13-37
42            android:grantUriPermissions="true" >
42-->[:react-native-image-crop-picker] AndroidManifest.xml:17:13-47
43            <meta-data
43-->[:react-native-image-crop-picker] AndroidManifest.xml:18:13-20:58
44                android:name="android.support.FILE_PROVIDER_PATHS"
44-->[:react-native-image-crop-picker] AndroidManifest.xml:19:17-67
45                android:resource="@xml/provider_paths" />
45-->[:react-native-image-crop-picker] AndroidManifest.xml:20:17-55
46        </provider>
47
48        <activity
48-->[:react-native-image-crop-picker] AndroidManifest.xml:23:9-25:72
49            android:name="com.yalantis.ucrop.UCropActivity"
49-->[:react-native-image-crop-picker] AndroidManifest.xml:24:13-60
50            android:theme="@style/Theme.AppCompat.Light.NoActionBar" />
50-->[:react-native-image-crop-picker] AndroidManifest.xml:25:13-69
51        <activity
51-->[:react-native-razorpay] AndroidManifest.xml:12:9-14:86
52            android:name="com.razorpay.CheckoutActivity"
52-->[:react-native-razorpay] AndroidManifest.xml:13:13-57
53            android:configChanges="keyboard|keyboardHidden|orientation|screenSize"
53-->[:react-native-razorpay] AndroidManifest.xml:14:13-83
54            android:theme="@style/CheckoutTheme" >
54-->[com.razorpay:checkout:1.5.12] AndroidManifest.xml:21:13-49
55            <intent-filter>
55-->[com.razorpay:checkout:1.5.12] AndroidManifest.xml:22:13-28:29
56                <action android:name="android.intent.action.MAIN" />
56-->src\main\AndroidManifest.xml:19:13-65
56-->src\main\AndroidManifest.xml:19:21-62
57
58                <data
58-->[com.razorpay:checkout:1.5.12] AndroidManifest.xml:25:17-27:47
59                    android:host="rzp.io"
59-->[com.razorpay:checkout:1.5.12] AndroidManifest.xml:26:21-42
60                    android:scheme="io.rzp" />
60-->[com.razorpay:checkout:1.5.12] AndroidManifest.xml:27:21-44
61            </intent-filter>
62        </activity>
63
64        <provider
64-->[:react-native-share] AndroidManifest.xml:12:9-20:20
65            android:name="cl.json.RNShareFileProvider"
65-->[:react-native-share] AndroidManifest.xml:13:13-55
66            android:authorities="com.rnv5.rnshare.fileprovider"
66-->[:react-native-share] AndroidManifest.xml:14:13-72
67            android:exported="false"
67-->[:react-native-share] AndroidManifest.xml:15:13-37
68            android:grantUriPermissions="true" >
68-->[:react-native-share] AndroidManifest.xml:16:13-47
69            <meta-data
69-->[:react-native-image-crop-picker] AndroidManifest.xml:18:13-20:58
70                android:name="android.support.FILE_PROVIDER_PATHS"
70-->[:react-native-image-crop-picker] AndroidManifest.xml:19:17-67
71                android:resource="@xml/share_download_paths" />
71-->[:react-native-image-crop-picker] AndroidManifest.xml:20:17-55
72        </provider>
73
74        <receiver android:name="com.razorpay.RzpTokenReceiver" >
74-->[com.razorpay:checkout:1.5.12] AndroidManifest.xml:12:9-16:20
74-->[com.razorpay:checkout:1.5.12] AndroidManifest.xml:12:19-63
75            <intent-filter>
75-->[com.razorpay:checkout:1.5.12] AndroidManifest.xml:13:13-15:29
76                <action android:name="rzp.device_token.share" />
76-->[com.razorpay:checkout:1.5.12] AndroidManifest.xml:14:17-65
76-->[com.razorpay:checkout:1.5.12] AndroidManifest.xml:14:25-62
77            </intent-filter>
78        </receiver>
79    </application>
80
81</manifest>